Release 14.7 - xst P.20131013 (nt64)
Copyright (c) 1995-2013 Xilinx, Inc.  All rights reserved.
--> Parameter TMPDIR set to xst/projnav.tmp


Total REAL time to Xst completion: 0.00 secs
Total CPU time to Xst completion: 0.14 secs
 
--> Parameter xsthdpdir set to xst


Total REAL time to Xst completion: 0.00 secs
Total CPU time to Xst completion: 0.14 secs
 
--> Reading design: THIRDSECTION.prj

TABLE OF CONTENTS
  1) Synthesis Options Summary
  2) HDL Parsing
  3) HDL Elaboration
  4) HDL Synthesis
       4.1) HDL Synthesis Report
  5) Advanced HDL Synthesis
       5.1) Advanced HDL Synthesis Report
  6) Low Level Synthesis
  7) Partition Report
  8) Design Summary
       8.1) Primitive and Black Box Usage
       8.2) Device utilization summary
       8.3) Partition Resource Summary
       8.4) Timing Report
            8.4.1) Clock Information
            8.4.2) Asynchronous Control Signals Information
            8.4.3) Timing Summary
            8.4.4) Timing Details
            8.4.5) Cross Clock Domains Report


=========================================================================
*                      Synthesis Options Summary                        *
=========================================================================
---- Source Parameters
Input File Name                    : "THIRDSECTION.prj"
Ignore Synthesis Constraint File   : NO

---- Target Parameters
Output File Name                   : "THIRDSECTION"
Output Format                      : NGC
Target Device                      : xc7a100t-3-csg324

---- Source Options
Top Module Name                    : THIRDSECTION
Automatic FSM Extraction           : YES
FSM Encoding Algorithm             : Auto
Safe Implementation                : No
FSM Style                          : LUT
RAM Extraction                     : Yes
RAM Style                          : Auto
ROM Extraction                     : Yes
Shift Register Extraction          : YES
ROM Style                          : Auto
Resource Sharing                   : YES
Asynchronous To Synchronous        : NO
Shift Register Minimum Size        : 2
Use DSP Block                      : Auto
Automatic Register Balancing       : No

---- Target Options
LUT Combining                      : Auto
Reduce Control Sets                : Auto
Add IO Buffers                     : YES
Global Maximum Fanout              : 100000
Add Generic Clock Buffer(BUFG)     : 32
Register Duplication               : YES
Optimize Instantiated Primitives   : NO
Use Clock Enable                   : Auto
Use Synchronous Set                : Auto
Use Synchronous Reset              : Auto
Pack IO Registers into IOBs        : Auto
Equivalent register Removal        : YES

---- General Options
Optimization Goal                  : Speed
Optimization Effort                : 1
Power Reduction                    : NO
Keep Hierarchy                     : No
Netlist Hierarchy                  : As_Optimized
RTL Output                         : Yes
Global Optimization                : AllClockNets
Read Cores                         : YES
Write Timing Constraints           : NO
Cross Clock Analysis               : NO
Hierarchy Separator                : /
Bus Delimiter                      : <>
Case Specifier                     : Maintain
Slice Utilization Ratio            : 100
BRAM Utilization Ratio             : 100
DSP48 Utilization Ratio            : 100
Auto BRAM Packing                  : NO
Slice Utilization Ratio Delta      : 5

=========================================================================


=========================================================================
*                          HDL Parsing                                  *
=========================================================================
Parsing VHDL file "F:\muxmohamedadel\THIRDSECTION.vhd" into library work
Parsing entity <THIRDSECTION>.
Parsing architecture <Behavioral> of entity <thirdsection>.

=========================================================================
*                            HDL Elaboration                            *
=========================================================================

Elaborating entity <THIRDSECTION> (architecture <Behavioral>) from library <work>.

=========================================================================
*                           HDL Synthesis                               *
=========================================================================

Synthesizing Unit <THIRDSECTION>.
    Related source file is "F:\muxmohamedadel\THIRDSECTION.vhd".
    Found 32-bit adder for signal <A[31]_B[31]_add_5_OUT> created at line 52.
    Found 32-bit comparator greater for signal <A[31]_B[31]_LessThan_8_o> created at line 54
    Found 32-bit comparator equal for signal <zero> created at line 65
    Summary:
	inferred   1 Adder/Subtractor(s).
	inferred   2 Comparator(s).
	inferred  10 Multiplexer(s).
Unit <THIRDSECTION> synthesized.

=========================================================================
HDL Synthesis Report

Macro Statistics
# Adders/Subtractors                                   : 1
 32-bit adder                                          : 1
# Comparators                                          : 2
 32-bit comparator equal                               : 1
 32-bit comparator greater                             : 1
# Multiplexers                                         : 10
 32-bit 2-to-1 multiplexer                             : 10

=========================================================================

=========================================================================
*                       Advanced HDL Synthesis                          *
=========================================================================


=========================================================================
Advanced HDL Synthesis Report

Macro Statistics
# Adders/Subtractors                                   : 1
 32-bit adder                                          : 1
# Comparators                                          : 2
 32-bit comparator equal                               : 1
 32-bit comparator greater                             : 1
# Multiplexers                                         : 10
 32-bit 2-to-1 multiplexer                             : 10

=========================================================================

=========================================================================
*                         Low Level Synthesis                           *
=========================================================================

Optimizing unit <THIRDSECTION> ...

Mapping all equations...
Building and optimizing final netlist ...
Found area constraint ratio of 100 (+ 5) on block THIRDSECTION, actual ratio is 0.

Final Macro Processing ...

=========================================================================
Final Register Report

Found no macro
=========================================================================

=========================================================================
*                           Partition Report                            *
=========================================================================

Partition Implementation Status
-------------------------------

  No Partitions were found in this design.

-------------------------------

=========================================================================
*                            Design Summary                             *
=========================================================================

Top Level Output File Name         : THIRDSECTION.ngc

Primitive and Black Box Usage:
------------------------------
# BELS                             : 262
#      GND                         : 1
#      LUT2                        : 33
#      LUT4                        : 61
#      LUT5                        : 2
#      LUT6                        : 73
#      MUXCY                       : 57
#      MUXF7                       : 2
#      VCC                         : 1
#      XORCY                       : 32
# IO Buffers                       : 101
#      IBUF                        : 68
#      OBUF                        : 33

Device utilization summary:
---------------------------

Selected Device : 7a100tcsg324-3 


Slice Logic Utilization: 
 Number of Slice LUTs:                  169  out of  63400     0%  
    Number used as Logic:               169  out of  63400     0%  

Slice Logic Distribution: 
 Number of LUT Flip Flop pairs used:    169
   Number with an unused Flip Flop:     169  out of    169   100%  
   Number with an unused LUT:             0  out of    169     0%  
   Number of fully used LUT-FF pairs:     0  out of    169     0%  
   Number of unique control sets:         0

IO Utilization: 
 Number of IOs:                         101
 Number of bonded IOBs:                 101  out of    210    48%  

Specific Feature Utilization:

---------------------------
Partition Resource Summary:
---------------------------

  No Partitions were found in this design.

---------------------------


=========================================================================
Timing Report

NOTE: THESE TIMING NUMBERS ARE ONLY A SYNTHESIS ESTIMATE.
      FOR ACCURATE TIMING INFORMATION PLEASE REFER TO THE TRACE REPORT
      GENERATED AFTER PLACE-and-ROUTE.

Clock Information:
------------------
No clock signals found in this design

Asynchronous Control Signals Information:
----------------------------------------
No asynchronous control signals found in this design

Timing Summary:
---------------
Speed Grade: -3

   Minimum period: No path found
   Minimum input arrival time before clock: No path found
   Maximum output required time after clock: No path found
   Maximum combinational path delay: 3.141ns

Timing Details:
---------------
All values displayed in nanoseconds (ns)

=========================================================================
Timing constraint: Default path analysis
  Total number of paths / destination ports: 2182 / 33
-------------------------------------------------------------------------
Delay:               3.141ns (Levels of Logic = 21)
  Source:            B<0> (PAD)
  Destination:       C<0> (PAD)

  Data Path: B<0> to C<0>
                                Gate     Net
    Cell:in->out      fanout   Delay   Delay  Logical Name (Net Name)
    ----------------------------------------  ------------
     IBUF:I->O             6   0.001   0.579  B_0_IBUF (B_0_IBUF)
     LUT4:I0->O            1   0.097   0.000  Mcompar_A[31]_B[31]_LessThan_8_o_lut<0> (Mcompar_A[31]_B[31]_LessThan_8_o_lut<0>)
     MUXCY:S->O            1   0.353   0.000  Mcompar_A[31]_B[31]_LessThan_8_o_cy<0> (Mcompar_A[31]_B[31]_LessThan_8_o_cy<0>)
     MUXCY:CI->O           1   0.023   0.000  Mcompar_A[31]_B[31]_LessThan_8_o_cy<1> (Mcompar_A[31]_B[31]_LessThan_8_o_cy<1>)
     MUXCY:CI->O           1   0.023   0.000  Mcompar_A[31]_B[31]_LessThan_8_o_cy<2> (Mcompar_A[31]_B[31]_LessThan_8_o_cy<2>)
     MUXCY:CI->O           1   0.023   0.000  Mcompar_A[31]_B[31]_LessThan_8_o_cy<3> (Mcompar_A[31]_B[31]_LessThan_8_o_cy<3>)
     MUXCY:CI->O           1   0.023   0.000  Mcompar_A[31]_B[31]_LessThan_8_o_cy<4> (Mcompar_A[31]_B[31]_LessThan_8_o_cy<4>)
     MUXCY:CI->O           1   0.023   0.000  Mcompar_A[31]_B[31]_LessThan_8_o_cy<5> (Mcompar_A[31]_B[31]_LessThan_8_o_cy<5>)
     MUXCY:CI->O           1   0.023   0.000  Mcompar_A[31]_B[31]_LessThan_8_o_cy<6> (Mcompar_A[31]_B[31]_LessThan_8_o_cy<6>)
     MUXCY:CI->O           1   0.023   0.000  Mcompar_A[31]_B[31]_LessThan_8_o_cy<7> (Mcompar_A[31]_B[31]_LessThan_8_o_cy<7>)
     MUXCY:CI->O           1   0.023   0.000  Mcompar_A[31]_B[31]_LessThan_8_o_cy<8> (Mcompar_A[31]_B[31]_LessThan_8_o_cy<8>)
     MUXCY:CI->O           1   0.023   0.000  Mcompar_A[31]_B[31]_LessThan_8_o_cy<9> (Mcompar_A[31]_B[31]_LessThan_8_o_cy<9>)
     MUXCY:CI->O           1   0.023   0.000  Mcompar_A[31]_B[31]_LessThan_8_o_cy<10> (Mcompar_A[31]_B[31]_LessThan_8_o_cy<10>)
     MUXCY:CI->O           1   0.023   0.000  Mcompar_A[31]_B[31]_LessThan_8_o_cy<11> (Mcompar_A[31]_B[31]_LessThan_8_o_cy<11>)
     MUXCY:CI->O           1   0.023   0.000  Mcompar_A[31]_B[31]_LessThan_8_o_cy<12> (Mcompar_A[31]_B[31]_LessThan_8_o_cy<12>)
     MUXCY:CI->O           1   0.023   0.000  Mcompar_A[31]_B[31]_LessThan_8_o_cy<13> (Mcompar_A[31]_B[31]_LessThan_8_o_cy<13>)
     MUXCY:CI->O           1   0.253   0.295  Mcompar_A[31]_B[31]_LessThan_8_o_cy<14> (Mcompar_A[31]_B[31]_LessThan_8_o_cy<14>)
     LUT5:I4->O            1   0.097   0.511  Mcompar_A[31]_B[31]_LessThan_8_o_cy<15> (Mcompar_A[31]_B[31]_LessThan_8_o_cy<15>)
     LUT6:I3->O            1   0.097   0.000  Mmux_C24_G (N4)
     MUXF7:I1->O           1   0.279   0.279  Mmux_C24 (C_0_OBUF)
     OBUF:I->O                 0.000          C_0_OBUF (C<0>)
    ----------------------------------------
    Total                      3.141ns (1.476ns logic, 1.665ns route)
                                       (47.0% logic, 53.0% route)

=========================================================================

Cross Clock Domains Report:
--------------------------

=========================================================================


Total REAL time to Xst completion: 9.00 secs
Total CPU time to Xst completion: 8.63 secs
 
--> 

Total memory usage is 4624960 kilobytes

Number of errors   :    0 (   0 filtered)
Number of warnings :    0 (   0 filtered)
Number of infos    :    0 (   0 filtered)

